<?xml version="1.0" encoding="UTF-8"?>
<!-- Generated by org.testng.reporters.JUnitXMLReporter -->
<testsuite ignored="0" hostname="DESKTOP-LR9MGE6" failures="1" tests="1" name="Test" time="20.696" errors="0" timestamp="2024-06-20T17:20:37 IST">
  <testcase classname="com.ecommerce.testcases.LoginPageTest" name="loginTest" time="8.66">
    <failure type="java.lang.AssertionError" message="expected [https://automationexercise.com/yui] but found [https://automationexercise.com/]">
      <![CDATA[java.lang.AssertionError: expected [https://automationexercise.com/yui] but found [https://automationexercise.com/]
at com.ecommerce.testcases.LoginPageTest.loginTest(LoginPageTest.java:53)
at java.base/java.util.ArrayList.forEach(ArrayList.java:1597)
... Removed 31 stack frames]]>
    </failure>
  </testcase> <!-- loginTest -->
</testsuite> <!-- Test -->
